0 info it worked if it ends with ok
1 verbose cli [ 'C:\\Program Files (x86)\\Nodist\\v-x64\\4.4.3\\node.exe',
1 verbose cli   'C:\\Program Files (x86)\\Nodist\\npmv\\3.10.5\\bin\\npm-cli.js',
1 verbose cli   'v' ]
2 info using npm@3.10.5
3 info using node@v4.4.3
4 silly mapToRegistry name portfolio_2_electric_boogaloo
5 silly mapToRegistry using default registry
6 silly mapToRegistry registry https://registry.npmjs.org/
7 silly mapToRegistry data Result {
7 silly mapToRegistry   raw: 'portfolio_2_electric_boogaloo',
7 silly mapToRegistry   scope: null,
7 silly mapToRegistry   escapedName: 'portfolio_2_electric_boogaloo',
7 silly mapToRegistry   name: 'portfolio_2_electric_boogaloo',
7 silly mapToRegistry   rawSpec: '',
7 silly mapToRegistry   spec: 'latest',
7 silly mapToRegistry   type: 'tag' }
8 silly mapToRegistry uri https://registry.npmjs.org/portfolio_2_electric_boogaloo
9 verbose request uri https://registry.npmjs.org/portfolio_2_electric_boogaloo
10 verbose request no auth needed
11 info attempt registry request try #1 at 1:50:53 PM
12 verbose request id 849edb28dfa2d36b
13 http request GET https://registry.npmjs.org/portfolio_2_electric_boogaloo
14 http 404 https://registry.npmjs.org/portfolio_2_electric_boogaloo
15 verbose headers { 'content-type': 'application/json',
15 verbose headers   'cache-control': 'max-age=0',
15 verbose headers   'content-length': '2',
15 verbose headers   'accept-ranges': 'bytes',
15 verbose headers   date: 'Wed, 24 Aug 2016 17:50:54 GMT',
15 verbose headers   via: '1.1 varnish',
15 verbose headers   age: '0',
15 verbose headers   connection: 'keep-alive',
15 verbose headers   'x-served-by': 'cache-ord1731-ORD',
15 verbose headers   'x-cache': 'MISS',
15 verbose headers   'x-cache-hits': '0',
15 verbose headers   'x-timer': 'S1472061053.982626,VS0,VE97',
15 verbose headers   vary: 'Accept-Encoding' }
16 silly get cb [ 404,
16 silly get   { 'content-type': 'application/json',
16 silly get     'cache-control': 'max-age=0',
16 silly get     'content-length': '2',
16 silly get     'accept-ranges': 'bytes',
16 silly get     date: 'Wed, 24 Aug 2016 17:50:54 GMT',
16 silly get     via: '1.1 varnish',
16 silly get     age: '0',
16 silly get     connection: 'keep-alive',
16 silly get     'x-served-by': 'cache-ord1731-ORD',
16 silly get     'x-cache': 'MISS',
16 silly get     'x-cache-hits': '0',
16 silly get     'x-timer': 'S1472061053.982626,VS0,VE97',
16 silly get     vary: 'Accept-Encoding' } ]
17 verbose stack Error: Registry returned 404 for GET on https://registry.npmjs.org/portfolio_2_electric_boogaloo
17 verbose stack     at makeError (C:\Program Files (x86)\Nodist\npmv\3.10.5\node_modules\npm-registry-client\lib\request.js:264:12)
17 verbose stack     at CachingRegistryClient.<anonymous> (C:\Program Files (x86)\Nodist\npmv\3.10.5\node_modules\npm-registry-client\lib\request.js:242:14)
17 verbose stack     at Request._callback (C:\Program Files (x86)\Nodist\npmv\3.10.5\node_modules\npm-registry-client\lib\request.js:172:14)
17 verbose stack     at Request.self.callback (C:\Program Files (x86)\Nodist\npmv\3.10.5\node_modules\request\request.js:200:22)
17 verbose stack     at emitTwo (events.js:87:13)
17 verbose stack     at Request.emit (events.js:172:7)
17 verbose stack     at Request.<anonymous> (C:\Program Files (x86)\Nodist\npmv\3.10.5\node_modules\request\request.js:1067:10)
17 verbose stack     at emitOne (events.js:82:20)
17 verbose stack     at Request.emit (events.js:169:7)
17 verbose stack     at IncomingMessage.<anonymous> (C:\Program Files (x86)\Nodist\npmv\3.10.5\node_modules\request\request.js:988:12)
18 verbose statusCode 404
19 verbose pkgid portfolio_2_electric_boogaloo
20 verbose cwd C:\Users\chris\web_development\portfolio_2_electric_boogaloo
21 error Windows_NT 10.0.14393
22 error argv "C:\\Program Files (x86)\\Nodist\\v-x64\\4.4.3\\node.exe" "C:\\Program Files (x86)\\Nodist\\npmv\\3.10.5\\bin\\npm-cli.js" "v"
23 error node v4.4.3
24 error npm  v3.10.5
25 error code E404
26 error 404 Registry returned 404 for GET on https://registry.npmjs.org/portfolio_2_electric_boogaloo
27 error 404
28 error 404 'portfolio_2_electric_boogaloo' is not in the npm registry.
29 error 404 You should bug the author to publish it (or use the name yourself!)
30 error 404 Note that you can also install from a
31 error 404 tarball, folder, http url, or git url.
32 verbose exit [ 1, true ]
